mode: set
github.com/darklab8/fl-darkcore/darkcore/builder/builder.go:21.74,26.2 1 0
github.com/darklab8/fl-darkcore/darkcore/builder/builder.go:28.64,30.2 1 0
github.com/darklab8/fl-darkcore/darkcore/builder/builder.go:38.91,43.27 2 0
github.com/darklab8/fl-darkcore/darkcore/builder/builder.go:43.27,45.3 1 0
github.com/darklab8/fl-darkcore/darkcore/builder/builder.go:46.2,46.10 1 0
github.com/darklab8/fl-darkcore/darkcore/builder/builder.go:49.54,51.2 1 0
github.com/darklab8/fl-darkcore/darkcore/builder/builder.go:53.89,55.26 1 0
github.com/darklab8/fl-darkcore/darkcore/builder/builder.go:55.26,57.35 2 0
github.com/darklab8/fl-darkcore/darkcore/builder/builder.go:57.35,58.29 1 0
github.com/darklab8/fl-darkcore/darkcore/builder/builder.go:58.29,60.5 1 0
github.com/darklab8/fl-darkcore/darkcore/builder/builder.go:62.3,62.24 1 0
github.com/darklab8/fl-darkcore/darkcore/builder/builder.go:62.24,65.4 2 0
github.com/darklab8/fl-darkcore/darkcore/builder/builder.go:68.2,68.26 1 0
github.com/darklab8/fl-darkcore/darkcore/builder/builder.go:68.26,71.46 2 0
github.com/darklab8/fl-darkcore/darkcore/builder/builder.go:71.46,73.4 1 0
github.com/darklab8/fl-darkcore/darkcore/builder/builder.go:78.42,86.2 4 0
github.com/darklab8/fl-darkcore/darkcore/builder/component.go:22.14,27.2 1 0
github.com/darklab8/fl-darkcore/darkcore/builder/component.go:34.50,48.2 4 0
github.com/darklab8/fl-darkcore/darkcore/builder/fileystem.go:22.64,28.2 2 0
github.com/darklab8/fl-darkcore/darkcore/builder/fileystem.go:32.76,34.2 1 0
github.com/darklab8/fl-darkcore/darkcore/builder/fileystem.go:36.38,40.37 3 0
github.com/darklab8/fl-darkcore/darkcore/builder/fileystem.go:40.37,46.3 4 0
github.com/darklab8/fl-darkcore/darkcore/builder/fileystem.go:49.63,58.2 4 0
github.com/darklab8/fl-darkcore/darkcore/core_front/example_templ.go:15.61,16.131 1 0
github.com/darklab8/fl-darkcore/darkcore/core_front/example_templ.go:16.131,19.31 3 0
github.com/darklab8/fl-darkcore/darkcore/core_front/example_templ.go:19.31,20.17 1 0
github.com/darklab8/fl-darkcore/darkcore/core_front/example_templ.go:20.17,22.34 2 0
github.com/darklab8/fl-darkcore/darkcore/core_front/example_templ.go:22.34,24.6 1 0
github.com/darklab8/fl-darkcore/darkcore/core_front/example_templ.go:27.3,29.33 3 0
github.com/darklab8/fl-darkcore/darkcore/core_front/example_templ.go:29.33,31.4 1 0
github.com/darklab8/fl-darkcore/darkcore/core_front/example_templ.go:32.3,33.20 2 0
github.com/darklab8/fl-darkcore/darkcore/core_front/example_templ.go:34.33,36.33 2 0
github.com/darklab8/fl-darkcore/darkcore/core_front/example_templ.go:36.33,38.5 1 0
github.com/darklab8/fl-darkcore/darkcore/core_front/example_templ.go:39.4,41.33 3 0
github.com/darklab8/fl-darkcore/darkcore/core_front/example_templ.go:41.33,43.5 1 0
github.com/darklab8/fl-darkcore/darkcore/core_front/example_templ.go:44.4,45.33 2 0
github.com/darklab8/fl-darkcore/darkcore/core_front/example_templ.go:45.33,47.5 1 0
github.com/darklab8/fl-darkcore/darkcore/core_front/example_templ.go:48.4,49.33 2 0
github.com/darklab8/fl-darkcore/darkcore/core_front/example_templ.go:49.33,51.5 1 0
github.com/darklab8/fl-darkcore/darkcore/core_front/example_templ.go:52.32,54.33 2 0
github.com/darklab8/fl-darkcore/darkcore/core_front/example_templ.go:54.33,56.5 1 0
github.com/darklab8/fl-darkcore/darkcore/core_front/example_templ.go:57.4,59.33 3 0
github.com/darklab8/fl-darkcore/darkcore/core_front/example_templ.go:59.33,61.5 1 0
github.com/darklab8/fl-darkcore/darkcore/core_front/example_templ.go:62.4,63.33 2 0
github.com/darklab8/fl-darkcore/darkcore/core_front/example_templ.go:63.33,65.5 1 0
github.com/darklab8/fl-darkcore/darkcore/core_front/example_templ.go:66.4,67.33 2 0
github.com/darklab8/fl-darkcore/darkcore/core_front/example_templ.go:67.33,69.5 1 0
github.com/darklab8/fl-darkcore/darkcore/core_front/example_templ.go:70.33,72.33 2 0
github.com/darklab8/fl-darkcore/darkcore/core_front/example_templ.go:72.33,74.5 1 0
github.com/darklab8/fl-darkcore/darkcore/core_front/example_templ.go:75.4,77.33 3 0
github.com/darklab8/fl-darkcore/darkcore/core_front/example_templ.go:77.33,79.5 1 0
github.com/darklab8/fl-darkcore/darkcore/core_front/example_templ.go:80.4,81.33 2 0
github.com/darklab8/fl-darkcore/darkcore/core_front/example_templ.go:81.33,83.5 1 0
github.com/darklab8/fl-darkcore/darkcore/core_front/example_templ.go:84.4,85.33 2 0
github.com/darklab8/fl-darkcore/darkcore/core_front/example_templ.go:85.33,87.5 1 0
github.com/darklab8/fl-darkcore/darkcore/core_front/example_templ.go:88.11,90.33 2 0
github.com/darklab8/fl-darkcore/darkcore/core_front/example_templ.go:90.33,92.5 1 0
github.com/darklab8/fl-darkcore/darkcore/core_front/example_templ.go:94.3,94.28 1 0
github.com/darklab8/fl-darkcore/darkcore/core_types/types.go:31.48,33.2 1 0
github.com/darklab8/fl-darkcore/darkcore/settings/settings.go:16.13,22.2 3 0
github.com/darklab8/fl-darkcore/darkcore/web/registry/registry.go:17.36,24.2 3 0
github.com/darklab8/fl-darkcore/darkcore/web/registry/registry.go:30.31,33.2 2 0
github.com/darklab8/fl-darkcore/darkcore/web/registry/registry.go:35.50,37.2 1 0
github.com/darklab8/fl-darkcore/darkcore/web/registry/registry.go:39.55,40.39 1 0
github.com/darklab8/fl-darkcore/darkcore/web/registry/registry.go:40.39,42.3 1 0
github.com/darklab8/fl-darkcore/darkcore/web/main.go:21.50,32.2 4 0
github.com/darklab8/fl-darkcore/darkcore/web/main.go:34.23,35.48 1 0
github.com/darklab8/fl-darkcore/darkcore/web/main.go:35.48,37.3 1 0
github.com/darklab8/fl-darkcore/darkcore/web/main.go:39.2,42.81 4 0
github.com/darklab8/fl-darkcore/darkcore/web/main.go:42.81,44.3 1 0
github.com/darklab8/fl-darkcore/darkcore/web/route_all.go:18.54,21.62 1 0
github.com/darklab8/fl-darkcore/darkcore/web/route_all.go:21.62,22.22 1 0
github.com/darklab8/fl-darkcore/darkcore/web/route_all.go:23.24,26.24 2 0
github.com/darklab8/fl-darkcore/darkcore/web/route_all.go:26.24,28.6 1 0
github.com/darklab8/fl-darkcore/darkcore/web/route_all.go:30.5,37.11 4 0
github.com/darklab8/fl-darkcore/darkcore/web/route_all.go:37.11,39.6 1 0
github.com/darklab8/fl-darkcore/darkcore/web/route_all.go:39.11,42.6 2 0
github.com/darklab8/fl-darkcore/darkcore/web/route_all.go:44.12,45.72 1 0
github.com/darklab8/fl-darkcore/darkcore/web/route_ping.go:14.52,17.57 1 0
github.com/darklab8/fl-darkcore/darkcore/web/route_ping.go:17.57,18.20 1 0
github.com/darklab8/fl-darkcore/darkcore/web/route_ping.go:19.24,20.64 1 0
github.com/darklab8/fl-darkcore/darkcore/web/route_ping.go:21.12,22.69 1 0
